\BOOKMARK [1][-]{Item.4}{\376\377\000C\000o\000n\000t\000e\000n\000t\000s}{}% 1
\BOOKMARK [1][-]{Item.4}{\376\377\000L\000i\000s\000t\000\040\000o\000f\000\040\000F\000i\000g\000u\000r\000e\000s}{}% 2
\BOOKMARK [1][-]{Item.4}{\376\377\000L\000i\000s\000t\000\040\000o\000f\000\040\000T\000a\000b\000l\000e\000s}{}% 3
\BOOKMARK [1][-]{Item.4}{\376\377\000L\000i\000s\000t\000\040\000o\000f\000\040\000A\000c\000r\000o\000n\000y\000m\000s}{}% 4
\BOOKMARK [1][-]{section.1}{\376\377\000I\000n\000t\000r\000o\000d\000u\000c\000t\000i\000o\000n}{}% 5
\BOOKMARK [2][-]{subsection.1.1}{\376\377\000P\000r\000o\000b\000l\000e\000m\000\040\000d\000e\000s\000c\000r\000i\000p\000t\000i\000o\000n}{section.1}% 6
\BOOKMARK [1][-]{section.2}{\376\377\000G\000e\000n\000e\000r\000a\000l\000\040\000d\000e\000s\000i\000g\000n\000\040\000d\000e\000s\000c\000r\000i\000p\000t\000i\000o\000n}{}% 7
\BOOKMARK [2][-]{subsection.2.1}{\376\377\000C\000o\000r\000e\000\040\000f\000u\000n\000c\000t\000i\000o\000n\000a\000l\000i\000t\000i\000e\000s}{section.2}% 8
\BOOKMARK [1][-]{section.3}{\376\377\000I\000m\000p\000l\000e\000m\000e\000n\000t\000a\000t\000i\000o\000n}{}% 9
\BOOKMARK [2][-]{subsection.3.1}{\376\377\000P\000a\000r\000k\000i\000n\000g\000\040\000g\000a\000r\000a\000g\000e}{section.3}% 10
\BOOKMARK [2][-]{subsection.3.2}{\376\377\000L\000o\000c\000a\000l\000\040\000g\000a\000r\000a\000g\000e\000\040\000s\000y\000s\000t\000e\000m}{section.3}% 11
\BOOKMARK [2][-]{subsection.3.3}{\376\377\000F\000r\000o\000n\000t\000e\000n\000d}{section.3}% 12
\BOOKMARK [2][-]{subsection.3.4}{\376\377\000B\000a\000c\000k\000e\000n\000d}{section.3}% 13
\BOOKMARK [1][-]{section.4}{\376\377\000D\000e\000s\000i\000g\000n\000\040\000m\000o\000t\000i\000v\000a\000t\000i\000o\000n}{}% 14
\BOOKMARK [1][-]{section.5}{\376\377\000C\000a\000s\000e\000\040\000e\000x\000a\000m\000p\000l\000e}{}% 15
\BOOKMARK [1][-]{section.6}{\376\377\000S\000y\000s\000t\000e\000m\000\040\000a\000n\000a\000l\000y\000s\000i\000s}{}% 16
\BOOKMARK [2][-]{subsection.6.1}{\376\377\000G\000e\000n\000e\000r\000a\000l}{section.6}% 17
\BOOKMARK [2][-]{subsection.6.2}{\376\377\000F\000r\000o\000n\000t\000e\000n\000d}{section.6}% 18
\BOOKMARK [2][-]{subsection.6.3}{\376\377\000B\000a\000c\000k\000e\000n\000d}{section.6}% 19
\BOOKMARK [1][-]{section.7}{\376\377\000C\000o\000n\000c\000l\000u\000s\000i\000o\000n}{}% 20
\BOOKMARK [1][-]{section.8}{\376\377\000C\000o\000u\000r\000s\000e\000\040\000i\000n\000t\000e\000g\000r\000a\000t\000i\000o\000n}{}% 21
\BOOKMARK [1][-]{section.8}{\376\377\000R\000e\000f\000e\000r\000e\000n\000c\000e\000s}{}% 22
\BOOKMARK [1][-]{section*.11}{\376\377\000A\000p\000p\000e\000n\000d\000i\000c\000e\000s}{}% 23
\BOOKMARK [1][-]{appendix.1.A}{\376\377\000G\000e\000n\000e\000r\000a\000l\000\040\000d\000e\000p\000l\000o\000y\000m\000e\000n\000t\000\040\000d\000i\000a\000g\000r\000a\000m}{}% 24
\BOOKMARK [1][-]{appendix.1.B}{\376\377\000A\000p\000p\000\040\000d\000i\000a\000g\000r\000a\000m\000s}{}% 25
\BOOKMARK [1][-]{appendix.1.C}{\376\377\000M\000e\000c\000h\000a\000n\000i\000c\000a\000l\000\040\000p\000a\000r\000t\000\040\000l\000i\000s\000t}{}% 26
\BOOKMARK [1][-]{appendix.1.D}{\376\377\000B\000a\000c\000k\000e\000n\000d\000\040\000A\000P\000I\000\040\000s\000l\000u\000g\000s}{}% 27
\BOOKMARK [1][-]{appendix.1.E}{\376\377\000F\000l\000o\000w\000c\000h\000a\000r\000t\000s}{}% 28
\BOOKMARK [1][-]{appendix.1.F}{\376\377\000S\000e\000q\000u\000e\000n\000c\000e\000\040\000d\000i\000a\000g\000r\000a\000m\000s}{}% 29
